<?xml version="1.0" encoding="UTF-8"?>
<testng-results ignored="0" total="1" passed="1" failed="0" skipped="0">
  <reporter-output>
  </reporter-output>
  <suite started-at="2025-08-11T14:05:55 IST" name="Surefire suite" finished-at="2025-08-11T14:06:00 IST" duration-ms="4584">
    <groups>
    </groups>
    <test started-at="2025-08-11T14:05:55 IST" name="Surefire test" finished-at="2025-08-11T14:06:00 IST" duration-ms="4584">
      <class name="tutorialsninja.register.TC_RF_001">
        <test-method signature="verifyRegisterWithMandatoryFields()[pri:0, instance:tutorialsninja.register.TC_RF_001@770c2e6b]" started-at="2025-08-11T14:05:55 IST" name="verifyRegisterWithMandatoryFields" finished-at="2025-08-11T14:06:00 IST" duration-ms="4568" status="PASS">
          <reporter-output>
          </reporter-output>
        </test-method> <!-- verifyRegisterWithMandatoryFields -->
      </class> <!-- tutorialsninja.register.TC_RF_001 -->
    </test> <!-- Surefire test -->
  </suite> <!-- Surefire suite -->
</testng-results>
